<?xml version="1.0" encoding="UTF-8"?>
<!-- Generated by org.testng.reporters.JUnitXMLReporter -->
<testsuite hostname="DESKTOP-7CQA1LF" ignored="0" name="Test" tests="21" failures="0" timestamp="2022-12-05T13:05:31 IST" time="285.924" errors="0">
  <testcase name="tc01_InspireMeTest" time="5.602" classname="tests.InspireMeTest"/>
  <testcase name="tc02_InspireMeTest" time="16.864" classname="tests.InspireMeTest"/>
  <testcase name="tc01_destinationTest" time="3.47" classname="tests.DestinationTest"/>
  <testcase name="tc02_destinationTest" time="2.343" classname="tests.DestinationTest"/>
  <testcase name="tc01_MyTripsTest" time="15.245" classname="tests.MyTripsTest"/>
  <testcase name="tc02_MyTripsTest" time="7.577" classname="tests.MyTripsTest"/>
  <testcase name="tc03_MyTripsTest" time="5.22" classname="tests.MyTripsTest"/>
  <testcase name="tc04_MyTripsTest" time="6.632" classname="tests.MyTripsTest"/>
  <testcase name="tc01_login" time="0.997" classname="tests.LoginTest"/>
  <testcase name="tc02_login" time="0.633" classname="tests.LoginTest"/>
  <testcase name="tc03_login" time="3.031" classname="tests.LoginTest"/>
  <testcase name="tc04_login" time="2.699" classname="tests.LoginTest"/>
  <testcase name="tc01_PlaningTest" time="1.424" classname="tests.PlaningFlowTest"/>
  <testcase name="tc02_planningTest" time="1.728" classname="tests.PlaningFlowTest"/>
  <testcase name="tc03_planningTest" time="5.875" classname="tests.PlaningFlowTest"/>
  <testcase name="tc04_planningTest" time="2.158" classname="tests.PlaningFlowTest"/>
  <testcase name="tc05_planningTest" time="20.835" classname="tests.PlaningFlowTest"/>
  <testcase name="tc06_planningTest" time="2.782" classname="tests.PlaningFlowTest"/>
  <testcase name="tc07_planningTest" time="2.866" classname="tests.PlaningFlowTest"/>
  <testcase name="tc08_planningTest" time="10.315" classname="tests.PlaningFlowTest"/>
  <testcase name="tc09_planningTest" time="10.434" classname="tests.PlaningFlowTest"/>
</testsuite> <!-- Test -->
