<?xml version="1.0" encoding="UTF-8"?>
<testsuite xmlns:xsi="http://www.w3.org/2001/XMLSchema-instance" xsi:noNamespaceSchemaLocation="https://maven.apache.org/surefire/maven-surefire-plugin/xsd/surefire-test-report-3.0.xsd" version="3.0" name="TestSuite" time="287.992" tests="21" errors="0" skipped="0" failures="0">
  <properties>
[...]
</properties>
  <testcase name="tc01_InspireMeTest" classname="tests.InspireMeTest" time="5.715">
    <system-err><![CDATA[SLF4J: Failed to load class "org.slf4j.impl.StaticLoggerBinder".
SLF4J: Defaulting to no-operation (NOP) logger implementation
SLF4J: See http://www.slf4j.org/codes.html#StaticLoggerBinder for further details.
ERROR StatusLogger Log4j2 could not find a logging implementation. Please add log4j-core to the classpath. Using SimpleLogger to log to the console...
Starting ChromeDriver 108.0.5359.71 (1e0e3868ee06e91ad636a874420e3ca3ae3756ac-refs/branch-heads/5359@{#1016}) on port 49396
Only local connections are allowed.
Please see https://chromedriver.chromium.org/security-considerations for suggestions on keeping ChromeDriver safe.
ChromeDriver was started successfully.
דצמ 05, 2022 1:00:50 PM org.openqa.selenium.remote.ProtocolHandshake createSession
INFO: Detected upstream dialect: W3C
דצמ 05, 2022 1:00:51 PM org.openqa.selenium.devtools.CdpVersionFinder findNearestMatch
WARNING: Unable to find an exact match for CDP version 108, so returning the closest version found: 104
דצמ 05, 2022 1:00:51 PM org.openqa.selenium.devtools.CdpVersionFinder findNearestMatch
INFO: Found CDP implementation for version 108 of 104
]]></system-err>
  </testcase>
  <testcase name="tc02_InspireMeTest" classname="tests.InspireMeTest" time="16.869">
    <system-out><![CDATA[Blue (islands & beaches)
200
10
155
java.util.Random@62b42406
200
10
117
java.util.Random@1bea7b0
200
10
120
java.util.Random@6c36051c
200
10
202
java.util.Random@614cd187
200
10
49
java.util.Random@651caa2e
200
10
61
java.util.Random@4e26987b
200
10
140
java.util.Random@7f1ad846
200
10
139
java.util.Random@2a259f6f
]]></system-out>
  </testcase>
  <testcase name="tc01_destinationTest" classname="tests.DestinationTest" time="3.479">
    <system-err><![CDATA[Starting ChromeDriver 108.0.5359.71 (1e0e3868ee06e91ad636a874420e3ca3ae3756ac-refs/branch-heads/5359@{#1016}) on port 54160
Only local connections are allowed.
Please see https://chromedriver.chromium.org/security-considerations for suggestions on keeping ChromeDriver safe.
ChromeDriver was started successfully.
דצמ 05, 2022 1:01:39 PM org.openqa.selenium.remote.ProtocolHandshake createSession
INFO: Detected upstream dialect: W3C
דצמ 05, 2022 1:01:39 PM org.openqa.selenium.devtools.CdpVersionFinder findNearestMatch
WARNING: Unable to find an exact match for CDP version 108, so returning the closest version found: 104
דצמ 05, 2022 1:01:39 PM org.openqa.selenium.devtools.CdpVersionFinder findNearestMatch
INFO: Found CDP implementation for version 108 of 104
]]></system-err>
  </testcase>
  <testcase name="tc02_destinationTest" classname="tests.DestinationTest" time="2.345"/>
  <testcase name="tc01_MyTripsTest" classname="tests.MyTripsTest" time="15.245">
    <system-err><![CDATA[Starting ChromeDriver 108.0.5359.71 (1e0e3868ee06e91ad636a874420e3ca3ae3756ac-refs/branch-heads/5359@{#1016}) on port 63690
Only local connections are allowed.
Please see https://chromedriver.chromium.org/security-considerations for suggestions on keeping ChromeDriver safe.
ChromeDriver was started successfully.
דצמ 05, 2022 1:02:14 PM org.openqa.selenium.remote.ProtocolHandshake createSession
INFO: Detected upstream dialect: W3C
דצמ 05, 2022 1:02:14 PM org.openqa.selenium.devtools.CdpVersionFinder findNearestMatch
WARNING: Unable to find an exact match for CDP version 108, so returning the closest version found: 104
דצמ 05, 2022 1:02:14 PM org.openqa.selenium.devtools.CdpVersionFinder findNearestMatch
INFO: Found CDP implementation for version 108 of 104
]]></system-err>
  </testcase>
  <testcase name="tc02_MyTripsTest" classname="tests.MyTripsTest" time="7.589"/>
  <testcase name="tc03_MyTripsTest" classname="tests.MyTripsTest" time="5.223"/>
  <testcase name="tc04_MyTripsTest" classname="tests.MyTripsTest" time="6.629"/>
  <testcase name="tc01_login" classname="tests.LoginTest" time="1.001">
    <system-err><![CDATA[Starting ChromeDriver 108.0.5359.71 (1e0e3868ee06e91ad636a874420e3ca3ae3756ac-refs/branch-heads/5359@{#1016}) on port 64506
Only local connections are allowed.
Please see https://chromedriver.chromium.org/security-considerations for suggestions on keeping ChromeDriver safe.
ChromeDriver was started successfully.
דצמ 05, 2022 1:03:25 PM org.openqa.selenium.remote.ProtocolHandshake createSession
INFO: Detected upstream dialect: W3C
דצמ 05, 2022 1:03:25 PM org.openqa.selenium.devtools.CdpVersionFinder findNearestMatch
WARNING: Unable to find an exact match for CDP version 108, so returning the closest version found: 104
דצמ 05, 2022 1:03:25 PM org.openqa.selenium.devtools.CdpVersionFinder findNearestMatch
INFO: Found CDP implementation for version 108 of 104
]]></system-err>
  </testcase>
  <testcase name="tc02_login" classname="tests.LoginTest" time="0.634"/>
  <testcase name="tc03_login" classname="tests.LoginTest" time="3.036"/>
  <testcase name="tc04_login" classname="tests.LoginTest" time="2.699"/>
  <testcase name="tc01_PlaningTest" classname="tests.PlaningFlowTest" time="1.436">
    <system-err><![CDATA[Starting ChromeDriver 108.0.5359.71 (1e0e3868ee06e91ad636a874420e3ca3ae3756ac-refs/branch-heads/5359@{#1016}) on port 64023
Only local connections are allowed.
Please see https://chromedriver.chromium.org/security-considerations for suggestions on keeping ChromeDriver safe.
ChromeDriver was started successfully.
דצמ 05, 2022 1:04:02 PM org.openqa.selenium.remote.ProtocolHandshake createSession
INFO: Detected upstream dialect: W3C
דצמ 05, 2022 1:04:02 PM org.openqa.selenium.devtools.CdpVersionFinder findNearestMatch
WARNING: Unable to find an exact match for CDP version 108, so returning the closest version found: 104
דצמ 05, 2022 1:04:02 PM org.openqa.selenium.devtools.CdpVersionFinder findNearestMatch
INFO: Found CDP implementation for version 108 of 104
]]></system-err>
  </testcase>
  <testcase name="tc02_planningTest" classname="tests.PlaningFlowTest" time="1.729"/>
  <testcase name="tc03_planningTest" classname="tests.PlaningFlowTest" time="5.878"/>
  <testcase name="tc04_planningTest" classname="tests.PlaningFlowTest" time="2.169"/>
  <testcase name="tc05_planningTest" classname="tests.PlaningFlowTest" time="20.837"/>
  <testcase name="tc06_planningTest" classname="tests.PlaningFlowTest" time="2.781"/>
  <testcase name="tc07_planningTest" classname="tests.PlaningFlowTest" time="2.869"/>
  <testcase name="tc08_planningTest" classname="tests.PlaningFlowTest" time="10.316"/>
  <testcase name="tc09_planningTest" classname="tests.PlaningFlowTest" time="10.436"/>
</testsuite>